2018-11-14 10:56:27,101 - __main__ - INFO - 提交成功 post = www.aiezhi.com
2018-11-14 10:56:28,041 - __main__ - INFO - 提交成功 post = www.aiezhi.com
2018-11-14 10:56:29,027 - __main__ - INFO - 提交成功 post = www.aiezhi.com
2018-11-14 10:56:29,980 - __main__ - INFO - 提交成功 post = www.aiezhi.com
2018-11-14 10:56:54,476 - __main__ - INFO - 提交成功 post = www.aiezhi.com
2018-11-14 10:56:55,378 - __main__ - INFO - 提交成功 post = www.aiezhi.com
2018-11-14 10:56:56,332 - __main__ - INFO - 提交成功 post = www.aiezhi.com
2018-11-14 10:56:57,287 - __main__ - INFO - 提交成功 post = www.aiezhi.com
2018-11-14 10:56:58,191 - __main__ - INFO - 提交成功 post = www.aiezhi.com
2018-11-14 10:56:59,219 - __main__ - INFO - 提交成功 post = www.aiezhi.com
2018-11-14 10:57:00,180 - __main__ - INFO - 提交成功 post = www.aiezhi.com
2018-11-14 10:57:01,167 - __main__ - INFO - 提交成功 post = www.aiezhi.com
2018-11-14 10:57:02,053 - __main__ - INFO - 提交成功 post = www.aiezhi.com
2018-11-14 10:57:03,025 - __main__ - INFO - 提交成功 post = www.aiezhi.com
2018-11-14 10:57:03,955 - __main__ - INFO - 提交成功 post = www.aiezhe.com
2018-11-14 10:57:04,917 - __main__ - INFO - 提交成功 post = www.aiezhe.com
2018-11-14 10:57:05,843 - __main__ - INFO - 提交成功 post = www.aiezhe.com
2018-11-14 10:57:06,794 - __main__ - INFO - 提交成功 post = www.aiezhe.com
2018-11-14 10:57:07,809 - __main__ - INFO - 提交成功 post = www.aiezhe.com
2018-11-14 10:57:08,798 - __main__ - INFO - 提交成功 post = www.aiezhe.com
2018-11-14 10:57:09,831 - __main__ - INFO - 提交成功 post = www.aiezhe.com
2018-11-14 10:57:10,980 - __main__ - INFO - 提交成功 post = www.aiezhe.com
2018-11-14 10:57:12,758 - __main__ - INFO - 提交成功 post = www.aiezhe.com
2018-11-14 10:57:13,791 - __main__ - INFO - 提交成功 post = www.aiezhe.com
2018-11-14 10:57:17,851 - __main__ - INFO - 提交成功 post = www.aiezha.com
2018-11-14 10:57:18,852 - __main__ - INFO - 提交成功 post = www.aiezha.com
2018-11-14 10:57:19,780 - __main__ - INFO - 提交成功 post = www.aiezha.com
2018-11-14 10:57:20,649 - __main__ - INFO - 提交成功 post = www.aiezha.com
2018-11-14 10:57:21,652 - __main__ - INFO - 提交成功 post = www.aiezha.com
2018-11-14 10:57:22,659 - __main__ - INFO - 提交成功 post = www.aiezha.com
2018-11-14 10:57:23,534 - __main__ - INFO - 提交成功 post = www.aiezha.com
2018-11-14 10:57:24,475 - __main__ - INFO - 提交成功 post = www.aiezha.com
2018-11-14 10:57:25,375 - __main__ - INFO - 提交成功 post = www.aiezha.com
2018-11-14 10:57:26,469 - __main__ - INFO - 提交成功 post = www.aiezha.com
2018-11-14 10:57:27,454 - __main__ - INFO - 提交成功 post = www.aiezei.com
2018-11-14 10:57:28,287 - __main__ - INFO - 提交成功 post = www.aiezei.com
2018-11-14 10:57:29,258 - __main__ - INFO - 提交成功 post = www.aiezei.com
2018-11-14 10:57:30,272 - __main__ - INFO - 提交成功 post = www.aiezei.com
2018-11-14 10:57:32,412 - __main__ - INFO - 提交成功 post = www.aiezei.com
2018-11-14 10:57:33,350 - __main__ - INFO - 提交成功 post = www.aiezei.com
2018-11-14 10:57:34,279 - __main__ - INFO - 提交成功 post = www.aiezei.com
2018-11-14 10:57:35,216 - __main__ - INFO - 提交成功 post = www.aiezei.com
2018-11-14 10:57:36,115 - __main__ - INFO - 提交成功 post = www.aiezei.com
2018-11-14 10:57:37,028 - __main__ - INFO - 提交成功 post = www.aiezei.com
2018-11-14 10:57:37,997 - __main__ - INFO - 提交成功 post = www.aiezao.com
2018-11-14 10:57:38,908 - __main__ - INFO - 提交成功 post = www.aiezao.com
2018-11-14 10:57:39,848 - __main__ - INFO - 提交成功 post = www.aiezao.com
2018-11-14 10:57:40,734 - __main__ - INFO - 提交成功 post = www.aiezao.com
2018-11-14 10:57:41,639 - __main__ - INFO - 提交成功 post = www.aiezao.com
2018-11-14 10:57:42,594 - __main__ - INFO - 提交成功 post = www.aiezao.com
2018-11-14 10:57:43,566 - __main__ - INFO - 提交成功 post = www.aiezao.com
2018-11-14 10:57:44,497 - __main__ - INFO - 提交成功 post = www.aiezao.com
2018-11-14 10:57:45,414 - __main__ - INFO - 提交成功 post = www.aiezao.com
2018-11-14 10:57:46,317 - __main__ - INFO - 提交成功 post = www.aiezao.com
2018-11-14 10:57:47,227 - __main__ - INFO - 提交成功 post = www.aiezan.com
2018-11-14 10:57:48,320 - __main__ - INFO - 提交成功 post = www.aiezan.com
2018-11-14 10:57:49,279 - __main__ - INFO - 提交成功 post = www.aiezan.com
2018-11-14 10:57:50,292 - __main__ - INFO - 提交成功 post = www.aiezan.com
2018-11-14 10:57:51,357 - __main__ - INFO - 提交成功 post = www.aiezan.com
2018-11-14 10:57:52,287 - __main__ - INFO - 提交成功 post = www.aiezan.com
2018-11-14 10:57:53,511 - __main__ - INFO - 提交成功 post = www.aiezan.com
2018-11-14 10:57:54,454 - __main__ - INFO - 提交成功 post = www.aiezan.com
2018-11-14 10:57:55,417 - __main__ - INFO - 提交成功 post = www.aiezan.com
2018-11-14 10:57:56,305 - __main__ - INFO - 提交成功 post = www.aiezan.com
2018-11-14 10:57:57,254 - __main__ - INFO - 提交成功 post = www.aiezai.com
2018-11-14 10:57:58,197 - __main__ - INFO - 提交成功 post = www.aiezai.com
2018-11-14 10:57:59,180 - __main__ - INFO - 提交成功 post = www.aiezai.com
2018-11-14 10:58:00,128 - __main__ - INFO - 提交成功 post = www.aiezai.com
2018-11-14 10:58:01,084 - __main__ - INFO - 提交成功 post = www.aiezai.com
2018-11-14 10:58:01,953 - __main__ - INFO - 提交成功 post = www.aiezai.com
2018-11-14 10:58:02,859 - __main__ - INFO - 提交成功 post = www.aiezai.com
2018-11-14 10:58:03,868 - __main__ - INFO - 提交成功 post = www.aiezai.com
2018-11-14 10:58:04,894 - __main__ - INFO - 提交成功 post = www.aiezai.com
2018-11-14 10:58:05,793 - __main__ - INFO - 提交成功 post = www.aiezai.com
2018-11-14 10:58:06,770 - __main__ - INFO - 提交成功 post = www.aieyan.com
2018-11-14 10:58:07,630 - __main__ - INFO - 提交成功 post = www.aieyan.com
2018-11-14 10:58:08,627 - __main__ - INFO - 提交成功 post = www.aieyan.com
2018-11-14 10:58:09,604 - __main__ - INFO - 提交成功 post = www.aieyan.com
2018-11-14 10:58:10,496 - __main__ - INFO - 提交成功 post = www.aieyan.com
2018-11-14 10:58:11,500 - __main__ - INFO - 提交成功 post = www.aieyan.com
2018-11-14 10:58:12,404 - __main__ - INFO - 提交成功 post = www.aieyan.com
2018-11-14 10:58:13,250 - __main__ - INFO - 提交成功 post = www.aieyan.com
2018-11-14 10:58:14,197 - __main__ - INFO - 提交成功 post = www.aieyan.com
2018-11-14 10:58:18,178 - __main__ - INFO - 提交成功 post = www.aieyan.com
2018-11-14 10:58:19,103 - __main__ - INFO - 提交成功 post = www.aiexie.com
2018-11-14 10:58:20,003 - __main__ - INFO - 提交成功 post = www.aiexie.com
2018-11-14 10:58:20,954 - __main__ - INFO - 提交成功 post = www.aiexie.com
2018-11-14 10:58:21,983 - __main__ - INFO - 提交成功 post = www.aiexie.com
2018-11-14 10:58:22,911 - __main__ - INFO - 提交成功 post = www.aiexie.com
2018-11-14 10:58:23,848 - __main__ - INFO - 提交成功 post = www.aiexie.com
2018-11-14 10:58:24,869 - __main__ - INFO - 提交成功 post = www.aiexie.com
2018-11-14 10:58:25,806 - __main__ - INFO - 提交成功 post = www.aiexie.com
2018-11-14 10:58:26,798 - __main__ - INFO - 提交成功 post = www.aiexie.com
2018-11-14 10:58:27,766 - __main__ - INFO - 提交成功 post = www.aiexie.com
2018-11-14 10:58:28,797 - __main__ - INFO - 提交成功 post = www.aiexia.com
2018-11-14 10:58:29,809 - __main__ - INFO - 提交成功 post = www.aiexia.com
2018-11-14 10:58:30,816 - __main__ - INFO - 提交成功 post = www.aiexia.com
2018-11-14 10:58:31,790 - __main__ - INFO - 提交成功 post = www.aiexia.com
2018-11-14 10:58:32,665 - __main__ - INFO - 提交成功 post = www.aiexia.com
2018-11-14 10:58:33,567 - __main__ - INFO - 提交成功 post = www.aiexia.com
2018-11-14 10:58:34,480 - __main__ - INFO - 提交成功 post = www.aiexia.com
2018-11-14 10:58:35,260 - __main__ - INFO - 提交成功 post = www.aiexia.com
2018-11-14 10:58:36,323 - __main__ - INFO - 提交成功 post = www.aiexia.com
2018-11-14 10:58:37,328 - __main__ - INFO - 提交成功 post = www.aiexia.com
2018-11-14 10:58:38,301 - __main__ - INFO - 提交成功 post = www.aiewei.com
2018-11-14 10:58:39,223 - __main__ - INFO - 提交成功 post = www.aiewei.com
2018-11-14 10:58:40,157 - __main__ - INFO - 提交成功 post = www.aiewei.com
2018-11-14 10:58:41,159 - __main__ - INFO - 提交成功 post = www.aiewei.com
2018-11-14 10:58:42,115 - __main__ - INFO - 提交成功 post = www.aiewei.com
2018-11-14 10:58:43,026 - __main__ - INFO - 提交成功 post = www.aiewei.com
2018-11-14 10:58:43,943 - __main__ - INFO - 提交成功 post = www.aiewei.com
2018-11-14 10:58:44,862 - __main__ - INFO - 提交成功 post = www.aiewei.com
2018-11-14 10:58:45,666 - __main__ - INFO - 提交成功 post = www.aiewei.com
2018-11-14 10:58:46,671 - __main__ - INFO - 提交成功 post = www.aiewei.com
2018-11-14 10:58:47,711 - __main__ - INFO - 提交成功 post = www.aiewai.com
2018-11-14 10:58:48,632 - __main__ - INFO - 提交成功 post = www.aiewai.com
2018-11-14 10:58:49,522 - __main__ - INFO - 提交成功 post = www.aiewai.com
2018-11-14 10:58:50,469 - __main__ - INFO - 提交成功 post = www.aiewai.com
2018-11-14 10:58:51,374 - __main__ - INFO - 提交成功 post = www.aiewai.com
2018-11-14 10:58:52,280 - __main__ - INFO - 提交成功 post = www.aiewai.com
2018-11-14 10:58:53,234 - __main__ - INFO - 提交成功 post = www.aiewai.com
2018-11-14 10:58:54,206 - __main__ - INFO - 提交成功 post = www.aiewai.com
2018-11-14 10:58:55,133 - __main__ - INFO - 提交成功 post = www.aiewai.com
2018-11-14 10:58:56,021 - __main__ - INFO - 提交成功 post = www.aiewai.com
2018-11-14 10:58:56,931 - __main__ - INFO - 提交成功 post = www.aietan.com
2018-11-14 10:58:57,816 - __main__ - INFO - 提交成功 post = www.aietan.com
2018-11-14 10:58:58,758 - __main__ - INFO - 提交成功 post = www.aietan.com
2018-11-14 10:58:59,774 - __main__ - INFO - 提交成功 post = www.aietan.com
2018-11-14 10:59:00,811 - __main__ - INFO - 提交成功 post = www.aietan.com
2018-11-14 10:59:01,813 - __main__ - INFO - 提交成功 post = www.aietan.com
2018-11-14 10:59:02,743 - __main__ - INFO - 提交成功 post = www.aietan.com
2018-11-14 10:59:03,675 - __main__ - INFO - 提交成功 post = www.aietan.com
2018-11-14 10:59:04,545 - __main__ - INFO - 提交成功 post = www.aietan.com
2018-11-14 10:59:05,431 - __main__ - INFO - 提交成功 post = www.aietan.com
2018-11-14 10:59:06,365 - __main__ - INFO - 提交成功 post = www.aietai.com
2018-11-14 10:59:07,254 - __main__ - INFO - 提交成功 post = www.aietai.com
2018-11-14 10:59:08,231 - __main__ - INFO - 提交成功 post = www.aietai.com
2018-11-14 10:59:09,215 - __main__ - INFO - 提交成功 post = www.aietai.com
2018-11-14 10:59:10,125 - __main__ - INFO - 提交成功 post = www.aietai.com
2018-11-14 10:59:11,139 - __main__ - INFO - 提交成功 post = www.aietai.com
2018-11-14 10:59:12,039 - __main__ - INFO - 提交成功 post = www.aietai.com
2018-11-14 10:59:12,933 - __main__ - INFO - 提交成功 post = www.aietai.com
2018-11-14 10:59:13,909 - __main__ - INFO - 提交成功 post = www.aietai.com
2018-11-14 10:59:14,881 - __main__ - INFO - 提交成功 post = www.aietai.com
2018-11-14 10:59:15,825 - __main__ - INFO - 提交成功 post = www.aieshe.com
2018-11-14 10:59:16,741 - __main__ - INFO - 提交成功 post = www.aieshe.com
2018-11-14 10:59:20,753 - __main__ - INFO - 提交成功 post = www.aieshe.com
2018-11-14 10:59:21,643 - __main__ - INFO - 提交成功 post = www.aieshe.com
2018-11-14 10:59:22,651 - __main__ - INFO - 提交成功 post = www.aieshe.com
2018-11-14 10:59:23,581 - __main__ - INFO - 提交成功 post = www.aieshe.com
2018-11-14 10:59:24,971 - __main__ - INFO - 提交成功 post = www.aieshe.com
2018-11-14 10:59:25,860 - __main__ - INFO - 提交成功 post = www.aieshe.com
2018-11-14 10:59:26,868 - __main__ - INFO - 提交成功 post = www.aieshe.com
2018-11-14 10:59:27,743 - __main__ - INFO - 提交成功 post = www.aieshe.com
2018-11-14 10:59:28,675 - __main__ - INFO - 提交成功 post = www.aiesen.com
2018-11-14 10:59:29,604 - __main__ - INFO - 提交成功 post = www.aiesen.com
2018-11-14 10:59:30,495 - __main__ - INFO - 提交成功 post = www.aiesen.com
2018-11-14 10:59:31,499 - __main__ - INFO - 提交成功 post = www.aiesen.com
2018-11-14 10:59:32,448 - __main__ - INFO - 提交成功 post = www.aiesen.com
2018-11-14 10:59:33,467 - __main__ - INFO - 提交成功 post = www.aiesen.com
2018-11-14 10:59:34,354 - __main__ - INFO - 提交成功 post = www.aiesen.com
2018-11-14 10:59:35,295 - __main__ - INFO - 提交成功 post = www.aiesen.com
2018-11-14 10:59:36,222 - __main__ - INFO - 提交成功 post = www.aiesen.com
2018-11-14 10:59:37,097 - __main__ - INFO - 提交成功 post = www.aiesen.com
2018-11-14 10:59:38,048 - __main__ - INFO - 提交成功 post = www.aiesao.com
2018-11-14 10:59:39,063 - __main__ - INFO - 提交成功 post = www.aiesao.com
2018-11-14 10:59:40,047 - __main__ - INFO - 提交成功 post = www.aiesao.com
2018-11-14 10:59:40,980 - __main__ - INFO - 提交成功 post = www.aiesao.com
2018-11-14 10:59:41,994 - __main__ - INFO - 提交成功 post = www.aiesao.com
2018-11-14 10:59:42,889 - __main__ - INFO - 提交成功 post = www.aiesao.com
2018-11-14 10:59:43,846 - __main__ - INFO - 提交成功 post = www.aiesao.com
2018-11-14 10:59:44,806 - __main__ - INFO - 提交成功 post = www.aiesao.com
2018-11-14 10:59:45,753 - __main__ - INFO - 提交成功 post = www.aiesao.com
2018-11-14 10:59:46,660 - __main__ - INFO - 提交成功 post = www.aiesao.com
2018-11-14 10:59:47,624 - __main__ - INFO - 提交成功 post = www.aiesai.com
2018-11-14 10:59:48,638 - __main__ - INFO - 提交成功 post = www.aiesai.com
2018-11-14 10:59:49,583 - __main__ - INFO - 提交成功 post = www.aiesai.com
2018-11-14 10:59:50,521 - __main__ - INFO - 提交成功 post = www.aiesai.com
2018-11-14 10:59:51,438 - __main__ - INFO - 提交成功 post = www.aiesai.com
2018-11-14 10:59:52,390 - __main__ - INFO - 提交成功 post = www.aiesai.com
2018-11-14 10:59:53,314 - __main__ - INFO - 提交成功 post = www.aiesai.com
2018-11-14 10:59:54,244 - __main__ - INFO - 提交成功 post = www.aiesai.com
2018-11-14 10:59:55,165 - __main__ - INFO - 提交成功 post = www.aiesai.com
2018-11-14 10:59:56,059 - __main__ - INFO - 提交成功 post = www.aiesai.com
2018-11-14 10:59:57,001 - __main__ - INFO - 提交成功 post = www.aieren.com
2018-11-14 10:59:57,887 - __main__ - INFO - 提交成功 post = www.aieren.com
2018-11-14 10:59:58,880 - __main__ - INFO - 提交成功 post = www.aieren.com
2018-11-14 10:59:59,746 - __main__ - INFO - 提交成功 post = www.aieren.com
2018-11-14 11:00:00,698 - __main__ - INFO - 提交成功 post = www.aieren.com
2018-11-14 11:00:02,805 - __main__ - INFO - 提交成功 post = www.aieren.com
2018-11-14 11:00:03,833 - __main__ - INFO - 提交成功 post = www.aieren.com
2018-11-14 11:00:04,703 - __main__ - INFO - 提交成功 post = www.aieren.com
2018-11-14 11:00:05,680 - __main__ - INFO - 提交成功 post = www.aieren.com
2018-11-14 11:00:06,563 - __main__ - INFO - 提交成功 post = www.aieren.com
2018-11-14 11:00:07,462 - __main__ - INFO - 提交成功 post = www.aieqin.com
2018-11-14 11:00:08,394 - __main__ - INFO - 提交成功 post = www.aieqin.com
2018-11-14 11:00:09,413 - __main__ - INFO - 提交成功 post = www.aieqin.com
2018-11-14 11:00:10,356 - __main__ - INFO - 提交成功 post = www.aieqin.com
2018-11-14 11:00:11,327 - __main__ - INFO - 提交成功 post = www.aieqin.com
2018-11-14 11:00:12,240 - __main__ - INFO - 提交成功 post = www.aieqin.com
2018-11-14 11:00:13,214 - __main__ - INFO - 提交成功 post = www.aieqin.com
2018-11-14 11:00:14,186 - __main__ - INFO - 提交成功 post = www.aieqin.com
2018-11-14 11:00:15,134 - __main__ - INFO - 提交成功 post = www.aieqin.com
2018-11-14 11:00:16,015 - __main__ - INFO - 提交成功 post = www.aieqin.com
2018-11-14 11:00:16,965 - __main__ - INFO - 提交成功 post = www.aieqie.com
2018-11-14 11:00:17,881 - __main__ - INFO - 提交成功 post = www.aieqie.com
2018-11-14 11:00:18,767 - __main__ - INFO - 提交成功 post = www.aieqie.com
2018-11-14 11:00:19,679 - __main__ - INFO - 提交成功 post = www.aieqie.com
2018-11-14 11:00:20,664 - __main__ - INFO - 提交成功 post = www.aieqie.com
2018-11-14 11:00:21,632 - __main__ - INFO - 提交成功 post = www.aieqie.com
2018-11-14 11:00:22,555 - __main__ - INFO - 提交成功 post = www.aieqie.com
2018-11-14 11:00:23,602 - __main__ - INFO - 提交成功 post = www.aieqie.com
2018-11-14 11:00:24,522 - __main__ - INFO - 提交成功 post = www.aieqie.com
2018-11-14 11:00:25,415 - __main__ - INFO - 提交成功 post = www.aieqie.com
2018-11-14 11:00:26,359 - __main__ - INFO - 提交成功 post = www.aieqia.com
2018-11-14 11:00:27,326 - __main__ - INFO - 提交成功 post = www.aieqia.com
2018-11-14 11:00:28,324 - __main__ - INFO - 提交成功 post = www.aieqia.com
2018-11-14 11:00:29,255 - __main__ - INFO - 提交成功 post = www.aieqia.com
2018-11-14 11:00:30,202 - __main__ - INFO - 提交成功 post = www.aieqia.com
2018-11-14 11:00:31,131 - __main__ - INFO - 提交成功 post = www.aieqia.com
2018-11-14 11:00:32,065 - __main__ - INFO - 提交成功 post = www.aieqia.com
2018-11-14 11:00:32,993 - __main__ - INFO - 提交成功 post = www.aieqia.com
2018-11-14 11:00:33,875 - __main__ - INFO - 提交成功 post = www.aieqia.com
2018-11-14 11:00:34,842 - __main__ - INFO - 提交成功 post = www.aieqia.com
2018-11-14 11:00:35,753 - __main__ - INFO - 提交成功 post = www.aiepen.com
2018-11-14 11:00:36,662 - __main__ - INFO - 提交成功 post = www.aiepen.com
2018-11-14 11:00:37,629 - __main__ - INFO - 提交成功 post = www.aiepen.com
2018-11-14 11:00:38,618 - __main__ - INFO - 提交成功 post = www.aiepen.com
2018-11-14 11:00:39,553 - __main__ - INFO - 提交成功 post = www.aiepen.com
2018-11-14 11:00:40,504 - __main__ - INFO - 提交成功 post = www.aiepen.com
2018-11-14 11:00:41,473 - __main__ - INFO - 提交成功 post = www.aiepen.com
2018-11-14 11:00:42,354 - __main__ - INFO - 提交成功 post = www.aiepen.com
2018-11-14 11:00:43,254 - __main__ - INFO - 提交成功 post = www.aiepen.com
2018-11-14 11:00:44,270 - __main__ - INFO - 提交成功 post = www.aiepen.com
2018-11-14 11:00:45,204 - __main__ - INFO - 提交成功 post = www.aiepei.com
2018-11-14 11:00:46,098 - __main__ - INFO - 提交成功 post = www.aiepei.com
2018-11-14 11:00:46,900 - __main__ - INFO - 提交成功 post = www.aiepei.com
2018-11-14 11:00:47,855 - __main__ - INFO - 提交成功 post = www.aiepei.com
2018-11-14 11:00:48,831 - __main__ - INFO - 提交成功 post = www.aiepei.com
2018-11-14 11:00:49,775 - __main__ - INFO - 提交成功 post = www.aiepei.com
2018-11-14 11:00:50,631 - __main__ - INFO - 提交成功 post = www.aiepei.com
2018-11-14 11:00:51,526 - __main__ - INFO - 提交成功 post = www.aiepei.com
2018-11-14 11:00:52,433 - __main__ - INFO - 提交成功 post = www.aiepei.com
2018-11-14 11:00:53,368 - __main__ - INFO - 提交成功 post = www.aiepei.com
2018-11-14 11:00:54,385 - __main__ - INFO - 提交成功 post = www.aiepao.com
2018-11-14 11:00:55,317 - __main__ - INFO - 提交成功 post = www.aiepao.com
2018-11-14 11:00:56,216 - __main__ - INFO - 提交成功 post = www.aiepao.com
2018-11-14 11:00:57,122 - __main__ - INFO - 提交成功 post = www.aiepao.com
2018-11-14 11:00:57,993 - __main__ - INFO - 提交成功 post = www.aiepao.com
2018-11-14 11:00:59,043 - __main__ - INFO - 提交成功 post = www.aiepao.com
2018-11-14 11:00:59,995 - __main__ - INFO - 提交成功 post = www.aiepao.com
2018-11-14 11:01:00,917 - __main__ - INFO - 提交成功 post = www.aiepao.com
2018-11-14 11:01:01,815 - __main__ - INFO - 提交成功 post = www.aiepao.com
2018-11-14 11:01:02,783 - __main__ - INFO - 提交成功 post = www.aiepao.com
2018-11-14 11:01:03,815 - __main__ - INFO - 提交成功 post = www.aiepan.com
2018-11-14 11:01:04,735 - __main__ - INFO - 提交成功 post = www.aiepan.com
2018-11-14 11:01:05,560 - __main__ - INFO - 提交成功 post = www.aiepan.com
2018-11-14 11:01:06,443 - __main__ - INFO - 提交成功 post = www.aiepan.com
2018-11-14 11:01:07,274 - __main__ - INFO - 提交成功 post = www.aiepan.com
2018-11-14 11:01:08,202 - __main__ - INFO - 提交成功 post = www.aiepan.com
2018-11-14 11:01:09,085 - __main__ - INFO - 提交成功 post = www.aiepan.com
2018-11-14 11:01:09,983 - __main__ - INFO - 提交成功 post = www.aiepan.com
2018-11-14 11:01:10,940 - __main__ - INFO - 提交成功 post = www.aiepan.com
2018-11-14 11:01:11,850 - __main__ - INFO - 提交成功 post = www.aiepan.com
2018-11-14 11:01:12,803 - __main__ - INFO - 提交成功 post = www.aienao.com
2018-11-14 11:01:13,746 - __main__ - INFO - 提交成功 post = www.aienao.com
2018-11-14 11:01:14,613 - __main__ - INFO - 提交成功 post = www.aienao.com
2018-11-14 11:01:15,621 - __main__ - INFO - 提交成功 post = www.aienao.com
2018-11-14 11:01:16,534 - __main__ - INFO - 提交成功 post = www.aienao.com
2018-11-14 11:01:17,398 - __main__ - INFO - 提交成功 post = www.aienao.com
2018-11-14 11:01:18,283 - __main__ - INFO - 提交成功 post = www.aienao.com
2018-11-14 11:01:19,217 - __main__ - INFO - 提交成功 post = www.aienao.com
2018-11-14 11:01:20,153 - __main__ - INFO - 提交成功 post = www.aienao.com
2018-11-14 11:01:21,065 - __main__ - INFO - 提交成功 post = www.aienao.com
2018-11-14 11:01:22,252 - __main__ - INFO - 提交成功 post = www.aienan.com
2018-11-14 11:01:23,128 - __main__ - INFO - 提交成功 post = www.aienan.com
2018-11-14 11:01:23,962 - __main__ - INFO - 提交成功 post = www.aienan.com
2018-11-14 11:01:24,894 - __main__ - INFO - 提交成功 post = www.aienan.com
2018-11-14 11:01:25,784 - __main__ - INFO - 提交成功 post = www.aienan.com
2018-11-14 11:01:26,718 - __main__ - INFO - 提交成功 post = www.aienan.com
2018-11-14 11:01:27,761 - __main__ - INFO - 提交成功 post = www.aienan.com
2018-11-14 11:01:28,693 - __main__ - INFO - 提交成功 post = www.aienan.com
2018-11-14 11:01:29,637 - __main__ - INFO - 提交成功 post = www.aienan.com
2018-11-14 11:01:30,653 - __main__ - INFO - 提交成功 post = www.aienan.com
2018-11-14 11:01:31,568 - __main__ - INFO - 提交成功 post = www.aiecou.com
2018-11-14 11:01:32,510 - __main__ - INFO - 提交成功 post = www.aiecou.com
2018-11-14 11:01:33,517 - __main__ - INFO - 提交成功 post = www.aiecou.com
2018-11-14 11:01:34,506 - __main__ - INFO - 提交成功 post = www.aiecou.com
2018-11-14 11:01:35,417 - __main__ - INFO - 提交成功 post = www.aiecou.com
2018-11-14 11:01:36,330 - __main__ - INFO - 提交成功 post = www.aiecou.com
2018-11-14 11:01:37,350 - __main__ - INFO - 提交成功 post = www.aiecou.com
2018-11-14 11:01:38,273 - __main__ - INFO - 提交成功 post = www.aiecou.com
2018-11-14 11:01:39,288 - __main__ - INFO - 提交成功 post = www.aiecou.com
2018-11-14 11:01:40,162 - __main__ - INFO - 提交成功 post = www.aiecou.com
2018-11-14 11:01:41,178 - __main__ - INFO - 提交成功 post = www.aiechu.com
2018-11-14 11:01:41,939 - __main__ - INFO - 提交成功 post = www.aiechu.com
2018-11-14 11:01:42,893 - __main__ - INFO - 提交成功 post = www.aiechu.com
2018-11-14 11:01:43,803 - __main__ - INFO - 提交成功 post = www.aiechu.com
2018-11-14 11:01:44,814 - __main__ - INFO - 提交成功 post = www.aiechu.com
2018-11-14 11:01:45,712 - __main__ - INFO - 提交成功 post = www.aiechu.com
2018-11-14 11:01:46,714 - __main__ - INFO - 提交成功 post = www.aiechu.com
2018-11-14 11:01:47,692 - __main__ - INFO - 提交成功 post = www.aiechu.com
2018-11-14 11:01:48,586 - __main__ - INFO - 提交成功 post = www.aiechu.com
2018-11-14 11:01:49,453 - __main__ - INFO - 提交成功 post = www.aiechu.com
2018-11-14 11:01:50,342 - __main__ - INFO - 提交成功 post = www.aiebin.com
2018-11-14 11:01:51,216 - __main__ - INFO - 提交成功 post = www.aiebin.com
2018-11-14 11:01:52,159 - __main__ - INFO - 提交成功 post = www.aiebin.com
2018-11-14 11:01:53,044 - __main__ - INFO - 提交成功 post = www.aiebin.com
2018-11-14 11:01:53,947 - __main__ - INFO - 提交成功 post = www.aiebin.com
2018-11-14 11:01:54,812 - __main__ - INFO - 提交成功 post = www.aiebin.com
2018-11-14 11:01:55,682 - __main__ - INFO - 提交成功 post = www.aiebin.com
2018-11-14 11:01:56,666 - __main__ - INFO - 提交成功 post = www.aiebin.com
2018-11-14 11:02:00,663 - __main__ - INFO - 提交成功 post = www.aiebin.com
2018-11-14 11:02:01,629 - __main__ - INFO - 提交成功 post = www.aiebin.com
2018-11-14 11:02:02,485 - __main__ - INFO - 提交成功 post = www.aiebie.com
2018-11-14 11:02:03,422 - __main__ - INFO - 提交成功 post = www.aiebie.com
2018-11-14 11:02:04,305 - __main__ - INFO - 提交成功 post = www.aiebie.com
2018-11-14 11:02:05,248 - __main__ - INFO - 提交成功 post = www.aiebie.com
2018-11-14 11:02:06,175 - __main__ - INFO - 提交成功 post = www.aiebie.com
2018-11-14 11:02:07,100 - __main__ - INFO - 提交成功 post = www.aiebie.com
2018-11-14 11:02:08,043 - __main__ - INFO - 提交成功 post = www.aiebie.com
2018-11-14 11:02:08,952 - __main__ - INFO - 提交成功 post = www.aiebie.com
2018-11-14 11:02:09,821 - __main__ - INFO - 提交成功 post = www.aiebie.com
2018-11-14 11:02:10,764 - __main__ - INFO - 提交成功 post = www.aiebie.com
2018-11-14 11:02:11,774 - __main__ - INFO - 提交成功 post = www.aidzha.com
2018-11-14 11:02:12,632 - __main__ - INFO - 提交成功 post = www.aidzha.com
2018-11-14 11:02:13,502 - __main__ - INFO - 提交成功 post = www.aidzha.com
2018-11-14 11:02:14,390 - __main__ - INFO - 提交成功 post = www.aidzha.com
2018-11-14 11:02:15,280 - __main__ - INFO - 提交成功 post = www.aidzha.com
2018-11-14 11:02:16,149 - __main__ - INFO - 提交成功 post = www.aidzha.com
2018-11-14 11:02:17,066 - __main__ - INFO - 提交成功 post = www.aidzha.com
2018-11-14 11:02:17,992 - __main__ - INFO - 提交成功 post = www.aidzha.com
2018-11-14 11:02:18,971 - __main__ - INFO - 提交成功 post = www.aidzha.com
2018-11-14 11:02:19,850 - __main__ - INFO - 提交成功 post = www.aidzha.com
2018-11-14 11:02:21,363 - __main__ - INFO - 提交成功 post = www.aidzei.com
2018-11-14 11:02:22,287 - __main__ - INFO - 提交成功 post = www.aidzei.com
2018-11-14 11:02:23,247 - __main__ - INFO - 提交成功 post = www.aidzei.com
2018-11-14 11:02:24,282 - __main__ - INFO - 提交成功 post = www.aidzei.com
2018-11-14 11:02:25,277 - __main__ - INFO - 提交成功 post = www.aidzei.com
2018-11-14 11:02:26,067 - __main__ - INFO - 提交成功 post = www.aidzei.com
2018-11-14 11:02:26,966 - __main__ - INFO - 提交成功 post = www.aidzei.com
2018-11-14 11:02:27,871 - __main__ - INFO - 提交成功 post = www.aidzei.com
2018-11-14 11:02:28,850 - __main__ - INFO - 提交成功 post = www.aidzei.com
2018-11-14 11:02:29,758 - __main__ - INFO - 提交成功 post = www.aidzei.com
2018-11-14 11:02:30,713 - __main__ - INFO - 提交成功 post = www.aidzao.com
2018-11-14 11:02:31,636 - __main__ - INFO - 提交成功 post = www.aidzao.com
2018-11-14 11:02:32,541 - __main__ - INFO - 提交成功 post = www.aidzao.com
2018-11-14 11:02:33,414 - __main__ - INFO - 提交成功 post = www.aidzao.com
2018-11-14 11:02:34,397 - __main__ - INFO - 提交成功 post = www.aidzao.com
2018-11-14 11:02:35,298 - __main__ - INFO - 提交成功 post = www.aidzao.com
2018-11-14 11:02:36,255 - __main__ - INFO - 提交成功 post = www.aidzao.com
2018-11-14 11:02:37,173 - __main__ - INFO - 提交成功 post = www.aidzao.com
2018-11-14 11:02:37,968 - __main__ - INFO - 提交成功 post = www.aidzao.com
2018-11-14 11:02:38,865 - __main__ - INFO - 提交成功 post = www.aidzao.com
2018-11-14 11:02:39,811 - __main__ - INFO - 提交成功 post = www.aidzan.com
2018-11-14 11:02:40,671 - __main__ - INFO - 提交成功 post = www.aidzan.com
2018-11-14 11:02:41,604 - __main__ - INFO - 提交成功 post = www.aidzan.com
2018-11-14 11:02:45,601 - __main__ - INFO - 提交成功 post = www.aidzan.com
2018-11-14 11:02:46,528 - __main__ - INFO - 提交成功 post = www.aidzan.com
2018-11-14 11:02:47,456 - __main__ - INFO - 提交成功 post = www.aidzan.com
2018-11-14 11:02:48,385 - __main__ - INFO - 提交成功 post = www.aidzan.com
2018-11-14 11:02:49,361 - __main__ - INFO - 提交成功 post = www.aidzan.com
2018-11-14 11:02:50,301 - __main__ - INFO - 提交成功 post = www.aidzan.com
2018-11-14 11:02:51,252 - __main__ - INFO - 提交成功 post = www.aidzan.com
2018-11-14 11:02:52,242 - __main__ - INFO - 提交成功 post = www.aidzai.com
2018-11-14 11:02:53,185 - __main__ - INFO - 提交成功 post = www.aidzai.com
2018-11-14 11:02:54,126 - __main__ - INFO - 提交成功 post = www.aidzai.com
2018-11-14 11:02:55,084 - __main__ - INFO - 提交成功 post = www.aidzai.com
2018-11-14 11:02:56,087 - __main__ - INFO - 提交成功 post = www.aidzai.com
2018-11-14 11:02:56,950 - __main__ - INFO - 提交成功 post = www.aidzai.com
2018-11-14 11:02:57,948 - __main__ - INFO - 提交成功 post = www.aidzai.com
2018-11-14 11:02:58,802 - __main__ - INFO - 提交成功 post = www.aidzai.com
2018-11-14 11:02:59,703 - __main__ - INFO - 提交成功 post = www.aidzai.com
2018-11-14 11:03:00,631 - __main__ - INFO - 提交成功 post = www.aidzai.com
2018-11-14 11:03:01,591 - __main__ - INFO - 提交成功 post = www.aidyin.com
2018-11-14 11:03:02,495 - __main__ - INFO - 提交成功 post = www.aidyin.com
2018-11-14 11:03:03,389 - __main__ - INFO - 提交成功 post = www.aidyin.com
2018-11-14 11:03:04,301 - __main__ - INFO - 提交成功 post = www.aidyin.com
2018-11-14 11:03:05,202 - __main__ - INFO - 提交成功 post = www.aidyin.com
2018-11-14 11:03:06,215 - __main__ - INFO - 提交成功 post = www.aidyin.com
2018-11-14 11:03:07,209 - __main__ - INFO - 提交成功 post = www.aidyin.com
2018-11-14 11:03:08,196 - __main__ - INFO - 提交成功 post = www.aidyin.com
2018-11-14 11:03:09,193 - __main__ - INFO - 提交成功 post = www.aidyin.com
2018-11-14 11:03:10,209 - __main__ - INFO - 提交成功 post = www.aidyin.com
2018-11-14 11:03:11,069 - __main__ - INFO - 提交成功 post = www.aidyao.com
2018-11-14 11:03:11,964 - __main__ - INFO - 提交成功 post = www.aidyao.com
2018-11-14 11:03:12,860 - __main__ - INFO - 提交成功 post = www.aidyao.com
2018-11-14 11:03:13,789 - __main__ - INFO - 提交成功 post = www.aidyao.com
2018-11-14 11:03:14,674 - __main__ - INFO - 提交成功 post = www.aidyao.com
2018-11-14 11:03:15,601 - __main__ - INFO - 提交成功 post = www.aidyao.com
2018-11-14 11:03:16,447 - __main__ - INFO - 提交成功 post = www.aidyao.com
2018-11-14 11:03:17,410 - __main__ - INFO - 提交成功 post = www.aidyao.com
2018-11-14 11:03:18,342 - __main__ - INFO - 提交成功 post = www.aidyao.com
2018-11-14 11:03:19,261 - __main__ - INFO - 提交成功 post = www.aidyao.com
2018-11-14 11:03:20,309 - __main__ - INFO - 提交成功 post = www.aidyan.com
2018-11-14 11:03:21,221 - __main__ - INFO - 提交成功 post = www.aidyan.com
2018-11-14 11:03:22,191 - __main__ - INFO - 提交成功 post = www.aidyan.com
2018-11-14 11:03:23,124 - __main__ - INFO - 提交成功 post = www.aidyan.com
2018-11-14 11:03:23,933 - __main__ - INFO - 提交成功 post = www.aidyan.com
2018-11-14 11:03:24,714 - __main__ - INFO - 提交成功 post = www.aidyan.com
2018-11-14 11:03:25,691 - __main__ - INFO - 提交成功 post = www.aidyan.com
2018-11-14 11:03:26,633 - __main__ - INFO - 提交成功 post = www.aidyan.com
2018-11-14 11:03:27,561 - __main__ - INFO - 提交成功 post = www.aidyan.com
2018-11-14 11:03:28,461 - __main__ - INFO - 提交成功 post = www.aidyan.com
2018-11-14 11:03:32,476 - __main__ - INFO - 提交成功 post = www.aidxin.com
2018-11-14 11:03:33,388 - __main__ - INFO - 提交成功 post = www.aidxin.com
2018-11-14 11:03:34,319 - __main__ - INFO - 提交成功 post = www.aidxin.com
2018-11-14 11:03:35,337 - __main__ - INFO - 提交成功 post = www.aidxin.com
2018-11-14 11:03:36,266 - __main__ - INFO - 提交成功 post = www.aidxin.com
2018-11-14 11:03:37,048 - __main__ - INFO - 提交成功 post = www.aidxin.com
2018-11-14 11:03:37,980 - __main__ - INFO - 提交成功 post = www.aidxin.com
2018-11-14 11:03:39,039 - __main__ - INFO - 提交成功 post = www.aidxin.com
2018-11-14 11:03:39,964 - __main__ - INFO - 提交成功 post = www.aidxin.com
2018-11-14 11:03:40,928 - __main__ - INFO - 提交成功 post = www.aidxin.com
2018-11-14 11:03:41,833 - __main__ - INFO - 提交成功 post = www.aidxie.com
2018-11-14 11:03:42,843 - __main__ - INFO - 提交成功 post = www.aidxie.com
2018-11-14 11:03:43,849 - __main__ - INFO - 提交成功 post = www.aidxie.com
2018-11-14 11:03:44,762 - __main__ - INFO - 提交成功 post = www.aidxie.com
2018-11-14 11:03:45,651 - __main__ - INFO - 提交成功 post = www.aidxie.com
2018-11-14 11:03:46,624 - __main__ - INFO - 提交成功 post = www.aidxie.com
2018-11-14 11:03:47,536 - __main__ - INFO - 提交成功 post = www.aidxie.com
2018-11-14 11:03:48,552 - __main__ - INFO - 提交成功 post = www.aidxie.com
2018-11-14 11:03:49,510 - __main__ - INFO - 提交成功 post = www.aidxie.com
2018-11-14 11:03:50,338 - __main__ - INFO - 提交成功 post = www.aidxie.com
2018-11-14 11:03:51,295 - __main__ - INFO - 提交成功 post = www.aidxia.com
2018-11-14 11:03:52,173 - __main__ - INFO - 提交成功 post = www.aidxia.com
2018-11-14 11:03:53,137 - __main__ - INFO - 提交成功 post = www.aidxia.com
2018-11-14 11:03:54,079 - __main__ - INFO - 提交成功 post = www.aidxia.com
2018-11-14 11:03:54,965 - __main__ - INFO - 提交成功 post = www.aidxia.com
2018-11-14 11:03:55,864 - __main__ - INFO - 提交成功 post = www.aidxia.com
2018-11-14 11:03:56,765 - __main__ - INFO - 提交成功 post = www.aidxia.com
2018-11-14 11:03:57,662 - __main__ - INFO - 提交成功 post = www.aidxia.com
2018-11-14 11:03:58,703 - __main__ - INFO - 提交成功 post = www.aidxia.com
2018-11-14 11:03:59,637 - __main__ - INFO - 提交成功 post = www.aidxia.com
2018-11-14 11:04:00,531 - __main__ - INFO - 提交成功 post = www.aidwei.com
2018-11-14 11:04:01,556 - __main__ - INFO - 提交成功 post = www.aidwei.com
2018-11-14 11:04:02,452 - __main__ - INFO - 提交成功 post = www.aidwei.com
2018-11-14 11:04:03,478 - __main__ - INFO - 提交成功 post = www.aidwei.com
2018-11-14 11:04:04,525 - __main__ - INFO - 提交成功 post = www.aidwei.com
2018-11-14 11:04:05,558 - __main__ - INFO - 提交成功 post = www.aidwei.com
2018-11-14 11:04:06,480 - __main__ - INFO - 提交成功 post = www.aidwei.com
2018-11-14 11:04:07,453 - __main__ - INFO - 提交成功 post = www.aidwei.com
2018-11-14 11:04:08,405 - __main__ - INFO - 提交成功 post = www.aidwei.com
2018-11-14 11:04:09,392 - __main__ - INFO - 提交成功 post = www.aidwei.com
2018-11-14 11:04:10,311 - __main__ - INFO - 提交成功 post = www.aidwan.com
2018-11-14 11:04:11,213 - __main__ - INFO - 提交成功 post = www.aidwan.com
2018-11-14 11:04:12,122 - __main__ - INFO - 提交成功 post = www.aidwan.com
2018-11-14 11:04:12,954 - __main__ - INFO - 提交成功 post = www.aidwan.com
2018-11-14 11:04:13,900 - __main__ - INFO - 提交成功 post = www.aidwan.com
2018-11-14 11:04:14,682 - __main__ - INFO - 提交成功 post = www.aidwan.com
2018-11-14 11:04:15,645 - __main__ - INFO - 提交成功 post = www.aidwan.com
2018-11-14 11:04:16,524 - __main__ - INFO - 提交成功 post = www.aidwan.com
2018-11-14 11:04:17,526 - __main__ - INFO - 提交成功 post = www.aidwan.com
2018-11-14 11:04:18,462 - __main__ - INFO - 提交成功 post = www.aidwan.com
2018-11-14 11:04:19,523 - __main__ - INFO - 提交成功 post = www.aidwai.com
2018-11-14 11:04:20,428 - __main__ - INFO - 提交成功 post = www.aidwai.com
2018-11-14 11:04:21,449 - __main__ - INFO - 提交成功 post = www.aidwai.com
2018-11-14 11:04:22,525 - __main__ - INFO - 提交成功 post = www.aidwai.com
2018-11-14 11:04:23,513 - __main__ - INFO - 提交成功 post = www.aidwai.com
2018-11-14 11:04:24,494 - __main__ - INFO - 提交成功 post = www.aidwai.com
2018-11-14 11:04:25,525 - __main__ - INFO - 提交成功 post = www.aidwai.com
2018-11-14 11:04:26,463 - __main__ - INFO - 提交成功 post = www.aidwai.com
2018-11-14 11:04:27,396 - __main__ - INFO - 提交成功 post = www.aidwai.com
2018-11-14 11:04:28,500 - __main__ - INFO - 提交成功 post = www.aidwai.com
2018-11-14 11:04:29,404 - __main__ - INFO - 提交成功 post = www.aidtao.com
2018-11-14 11:04:30,358 - __main__ - INFO - 提交成功 post = www.aidtao.com
2018-11-14 11:04:31,409 - __main__ - INFO - 提交成功 post = www.aidtao.com
2018-11-14 11:04:32,425 - __main__ - INFO - 提交成功 post = www.aidtao.com
2018-11-14 11:04:33,503 - __main__ - INFO - 提交成功 post = www.aidtao.com
2018-11-14 11:04:34,429 - __main__ - INFO - 提交成功 post = www.aidtao.com
2018-11-14 11:04:35,420 - __main__ - INFO - 提交成功 post = www.aidtao.com
2018-11-14 11:04:36,356 - __main__ - INFO - 提交成功 post = www.aidtao.com
2018-11-14 11:04:37,255 - __main__ - INFO - 提交成功 post = www.aidtao.com
2018-11-14 11:04:38,160 - __main__ - INFO - 提交成功 post = www.aidtao.com
2018-11-14 11:04:39,090 - __main__ - INFO - 提交成功 post = www.aidtan.com
2018-11-14 11:04:40,012 - __main__ - INFO - 提交成功 post = www.aidtan.com
2018-11-14 11:04:41,093 - __main__ - INFO - 提交成功 post = www.aidtan.com
2018-11-14 11:04:42,160 - __main__ - INFO - 提交成功 post = www.aidtan.com
2018-11-14 11:04:43,137 - __main__ - INFO - 提交成功 post = www.aidtan.com
2018-11-14 11:04:44,045 - __main__ - INFO - 提交成功 post = www.aidtan.com
2018-11-14 11:04:44,989 - __main__ - INFO - 提交成功 post = www.aidtan.com
2018-11-14 11:04:45,873 - __main__ - INFO - 提交成功 post = www.aidtan.com
2018-11-14 11:04:46,896 - __main__ - INFO - 提交成功 post = www.aidtan.com
2018-11-14 11:04:47,798 - __main__ - INFO - 提交成功 post = www.aidtan.com
2018-11-14 11:04:48,844 - __main__ - INFO - 提交成功 post = www.aidtai.com
2018-11-14 11:04:49,829 - __main__ - INFO - 提交成功 post = www.aidtai.com
2018-11-14 11:04:50,730 - __main__ - INFO - 提交成功 post = www.aidtai.com
2018-11-14 11:04:51,687 - __main__ - INFO - 提交成功 post = www.aidtai.com
2018-11-14 11:04:52,691 - __main__ - INFO - 提交成功 post = www.aidtai.com
2018-11-14 11:04:56,762 - __main__ - INFO - 提交成功 post = www.aidtai.com
2018-11-14 11:05:00,748 - __main__ - INFO - 提交成功 post = www.aidtai.com
2018-11-14 11:05:01,704 - __main__ - INFO - 提交成功 post = www.aidtai.com
2018-11-14 11:05:02,639 - __main__ - INFO - 提交成功 post = www.aidtai.com
2018-11-14 11:05:03,534 - __main__ - INFO - 提交成功 post = www.aidtai.com
2018-11-14 11:05:06,904 - __main__ - INFO - 提交成功 post = www.aidshe.com
2018-11-14 11:05:12,415 - __main__ - INFO - 提交成功 post = www.aidshe.com
2018-11-14 11:05:15,779 - __main__ - INFO - 提交成功 post = www.aidshe.com
2018-11-14 11:05:18,986 - __main__ - INFO - 提交成功 post = www.aidshe.com
2018-11-14 11:05:22,305 - __main__ - INFO - 提交成功 post = www.aidshe.com
2018-11-14 11:05:25,432 - __main__ - INFO - 提交成功 post = www.aidshe.com
2018-11-14 11:05:32,209 - __main__ - INFO - 提交成功 post = www.aidshe.com
2018-11-14 11:05:39,079 - __main__ - INFO - 提交成功 post = www.aidshe.com
2018-11-14 11:05:42,121 - __main__ - INFO - 提交成功 post = www.aidshe.com
2018-11-14 11:05:44,913 - __main__ - INFO - 提交成功 post = www.aidshe.com
2018-11-14 11:27:23,403 - __main__ - INFO - 提交成功 post = www.aiezhi.com
2018-11-14 11:27:24,217 - __main__ - INFO - 提交成功 post = www.aiezhi.com
2018-11-14 11:27:25,109 - __main__ - INFO - 提交成功 post = www.aiezhi.com
2018-11-14 11:27:26,016 - __main__ - INFO - 提交成功 post = www.aiezhi.com
2018-11-14 11:27:26,893 - __main__ - INFO - 提交成功 post = www.aiezhi.com
2018-11-14 11:27:27,795 - __main__ - INFO - 提交成功 post = www.aiezhi.com
2018-11-14 11:27:28,754 - __main__ - INFO - 提交成功 post = www.aiezhi.com
2018-11-14 11:27:29,616 - __main__ - INFO - 提交成功 post = www.aiezhi.com
2018-11-14 11:27:30,517 - __main__ - INFO - 提交成功 post = www.aiezhi.com
2018-11-14 11:27:31,432 - __main__ - INFO - 提交成功 post = www.aiezhi.com
2018-11-14 11:27:32,358 - __main__ - INFO - 提交成功 post = www.aiezhe.com
2018-11-14 11:27:33,293 - __main__ - INFO - 提交成功 post = www.aiezhe.com
2018-11-14 11:27:34,162 - __main__ - INFO - 提交成功 post = www.aiezhe.com
2018-11-14 11:27:35,097 - __main__ - INFO - 提交成功 post = www.aiezhe.com
2018-11-14 11:27:36,013 - __main__ - INFO - 提交成功 post = www.aiezhe.com
2018-11-14 11:27:36,876 - __main__ - INFO - 提交成功 post = www.aiezhe.com
2018-11-14 11:27:37,817 - __main__ - INFO - 提交成功 post = www.aiezhe.com
2018-11-14 11:27:41,613 - __main__ - INFO - 提交成功 post = www.aiezhe.com
2018-11-14 11:27:42,383 - __main__ - INFO - 提交成功 post = www.aiezhe.com
2018-11-14 11:27:43,244 - __main__ - INFO - 提交成功 post = www.aiezhe.com
2018-11-14 11:27:44,153 - __main__ - INFO - 提交成功 post = www.aiezha.com
2018-11-14 11:27:45,031 - __main__ - INFO - 提交成功 post = www.aiezha.com
2018-11-14 11:27:46,044 - __main__ - INFO - 提交成功 post = www.aiezha.com
2018-11-14 11:27:46,961 - __main__ - INFO - 提交成功 post = www.aiezha.com
2018-11-14 11:27:48,064 - __main__ - INFO - 提交成功 post = www.aiezha.com
2018-11-14 11:27:48,994 - __main__ - INFO - 提交成功 post = www.aiezha.com
2018-11-14 11:27:49,776 - __main__ - INFO - 提交成功 post = www.aiezha.com
2018-11-14 11:27:50,648 - __main__ - INFO - 提交成功 post = www.aiezha.com
2018-11-14 11:27:51,557 - __main__ - INFO - 提交成功 post = www.aiezha.com
2018-11-14 11:27:52,728 - __main__ - INFO - 提交成功 post = www.aiezha.com
2018-11-14 11:27:53,621 - __main__ - INFO - 提交成功 post = www.aiezei.com
2018-11-14 11:27:54,515 - __main__ - INFO - 提交成功 post = www.aiezei.com
2018-11-14 11:27:55,414 - __main__ - INFO - 提交成功 post = www.aiezei.com
2018-11-14 11:27:56,275 - __main__ - INFO - 提交成功 post = www.aiezei.com
2018-11-14 11:28:00,067 - __main__ - INFO - 提交成功 post = www.aiezei.com
2018-11-14 11:28:00,953 - __main__ - INFO - 提交成功 post = www.aiezei.com
2018-11-14 11:28:01,851 - __main__ - INFO - 提交成功 post = www.aiezei.com
2018-11-14 11:28:02,632 - __main__ - INFO - 提交成功 post = www.aiezei.com
2018-11-14 11:28:03,500 - __main__ - INFO - 提交成功 post = www.aiezei.com
2018-11-14 11:28:04,338 - __main__ - INFO - 提交成功 post = www.aiezei.com
2018-11-14 11:28:05,255 - __main__ - INFO - 提交成功 post = www.aiezao.com
2018-11-14 11:28:06,180 - __main__ - INFO - 提交成功 post = www.aiezao.com
2018-11-14 11:28:07,046 - __main__ - INFO - 提交成功 post = www.aiezao.com
2018-11-14 11:28:08,002 - __main__ - INFO - 提交成功 post = www.aiezao.com
2018-11-14 11:28:08,904 - __main__ - INFO - 提交成功 post = www.aiezao.com
2018-11-14 11:28:09,765 - __main__ - INFO - 提交成功 post = www.aiezao.com
2018-11-14 11:28:10,617 - __main__ - INFO - 提交成功 post = www.aiezao.com
2018-11-14 11:28:14,525 - __main__ - INFO - 提交成功 post = www.aiezao.com
2018-11-14 11:28:15,392 - __main__ - INFO - 提交成功 post = www.aiezao.com
2018-11-14 11:28:16,307 - __main__ - INFO - 提交成功 post = www.aiezao.com
2018-11-14 11:28:17,273 - __main__ - INFO - 提交成功 post = www.aiezan.com
2018-11-14 11:28:18,100 - __main__ - INFO - 提交成功 post = www.aiezan.com
2018-11-14 11:28:19,003 - __main__ - INFO - 提交成功 post = www.aiezan.com
2018-11-14 11:28:19,842 - __main__ - INFO - 提交成功 post = www.aiezan.com
2018-11-14 11:28:20,711 - __main__ - INFO - 提交成功 post = www.aiezan.com
2018-11-14 11:28:21,612 - __main__ - INFO - 提交成功 post = www.aiezan.com
2018-11-14 11:28:22,556 - __main__ - INFO - 提交成功 post = www.aiezan.com
2018-11-14 11:28:23,482 - __main__ - INFO - 提交成功 post = www.aiezan.com
2018-11-14 11:28:24,394 - __main__ - INFO - 提交成功 post = www.aiezan.com
2018-11-14 11:28:25,343 - __main__ - INFO - 提交成功 post = www.aiezan.com
2018-11-14 11:28:26,276 - __main__ - INFO - 提交成功 post = www.aiezai.com
2018-11-14 11:28:27,187 - __main__ - INFO - 提交成功 post = www.aiezai.com
2018-11-14 11:28:28,118 - __main__ - INFO - 提交成功 post = www.aiezai.com
2018-11-14 11:28:28,996 - __main__ - INFO - 提交成功 post = www.aiezai.com
2018-11-14 11:28:29,892 - __main__ - INFO - 提交成功 post = www.aiezai.com
2018-11-14 11:28:30,870 - __main__ - INFO - 提交成功 post = www.aiezai.com
2018-11-14 11:28:31,697 - __main__ - INFO - 提交成功 post = www.aiezai.com
2018-11-14 11:28:32,549 - __main__ - INFO - 提交成功 post = www.aiezai.com
2018-11-14 11:28:33,463 - __main__ - INFO - 提交成功 post = www.aiezai.com
2018-11-14 11:28:34,351 - __main__ - INFO - 提交成功 post = www.aiezai.com
2018-11-14 11:28:35,161 - __main__ - INFO - 提交成功 post = www.aieyan.com
2018-11-14 11:28:36,258 - __main__ - INFO - 提交成功 post = www.aieyan.com
2018-11-14 11:28:37,199 - __main__ - INFO - 提交成功 post = www.aieyan.com
2018-11-14 11:28:38,121 - __main__ - INFO - 提交成功 post = www.aieyan.com
2018-11-14 11:28:38,990 - __main__ - INFO - 提交成功 post = www.aieyan.com
2018-11-14 11:28:39,905 - __main__ - INFO - 提交成功 post = www.aieyan.com
2018-11-14 11:28:40,797 - __main__ - INFO - 提交成功 post = www.aieyan.com
2018-11-14 11:28:41,701 - __main__ - INFO - 提交成功 post = www.aieyan.com
2018-11-14 11:28:42,560 - __main__ - INFO - 提交成功 post = www.aieyan.com
2018-11-14 11:28:43,463 - __main__ - INFO - 提交成功 post = www.aieyan.com
2018-11-14 11:28:44,361 - __main__ - INFO - 提交成功 post = www.aiexie.com
2018-11-14 11:28:45,224 - __main__ - INFO - 提交成功 post = www.aiexie.com
2018-11-14 11:28:46,216 - __main__ - INFO - 提交成功 post = www.aiexie.com
2018-11-14 11:28:47,230 - __main__ - INFO - 提交成功 post = www.aiexie.com
2018-11-14 11:28:48,111 - __main__ - INFO - 提交成功 post = www.aiexie.com
2018-11-14 11:28:48,977 - __main__ - INFO - 提交成功 post = www.aiexie.com
2018-11-14 11:28:49,884 - __main__ - INFO - 提交成功 post = www.aiexie.com
2018-11-14 11:28:50,738 - __main__ - INFO - 提交成功 post = www.aiexie.com
2018-11-14 11:28:51,642 - __main__ - INFO - 提交成功 post = www.aiexie.com
2018-11-14 11:28:52,499 - __main__ - INFO - 提交成功 post = www.aiexie.com
2018-11-14 11:28:53,378 - __main__ - INFO - 提交成功 post = www.aiexia.com
2018-11-14 11:28:54,262 - __main__ - INFO - 提交成功 post = www.aiexia.com
2018-11-14 11:28:55,161 - __main__ - INFO - 提交成功 post = www.aiexia.com
2018-11-14 11:28:55,975 - __main__ - INFO - 提交成功 post = www.aiexia.com
2018-11-14 11:28:56,896 - __main__ - INFO - 提交成功 post = www.aiexia.com
2018-11-14 11:28:57,795 - __main__ - INFO - 提交成功 post = www.aiexia.com
2018-11-14 11:28:58,735 - __main__ - INFO - 提交成功 post = www.aiexia.com
2018-11-14 11:28:59,598 - __main__ - INFO - 提交成功 post = www.aiexia.com
2018-11-14 11:29:00,499 - __main__ - INFO - 提交成功 post = www.aiexia.com
2018-11-14 11:29:01,395 - __main__ - INFO - 提交成功 post = www.aiexia.com
2018-11-14 11:29:02,573 - __main__ - INFO - 提交成功 post = www.aiewei.com
2018-11-14 11:29:03,467 - __main__ - INFO - 提交成功 post = www.aiewei.com
2018-11-14 11:29:04,390 - __main__ - INFO - 提交成功 post = www.aiewei.com
2018-11-14 11:29:05,351 - __main__ - INFO - 提交成功 post = www.aiewei.com
2018-11-14 11:29:06,276 - __main__ - INFO - 提交成功 post = www.aiewei.com
2018-11-14 11:29:07,183 - __main__ - INFO - 提交成功 post = www.aiewei.com
2018-11-14 11:29:08,052 - __main__ - INFO - 提交成功 post = www.aiewei.com
2018-11-14 11:29:08,999 - __main__ - INFO - 提交成功 post = www.aiewei.com
2018-11-14 11:29:09,762 - __main__ - INFO - 提交成功 post = www.aiewei.com
2018-11-14 11:29:10,601 - __main__ - INFO - 提交成功 post = www.aiewei.com
2018-11-14 11:29:11,507 - __main__ - INFO - 提交成功 post = www.aiewai.com
2018-11-14 11:29:12,411 - __main__ - INFO - 提交成功 post = www.aiewai.com
2018-11-14 11:29:13,220 - __main__ - INFO - 提交成功 post = www.aiewai.com
2018-11-14 11:29:14,186 - __main__ - INFO - 提交成功 post = www.aiewai.com
2018-11-14 11:29:15,119 - __main__ - INFO - 提交成功 post = www.aiewai.com
2018-11-14 11:29:16,046 - __main__ - INFO - 提交成功 post = www.aiewai.com
2018-11-14 11:29:17,010 - __main__ - INFO - 提交成功 post = www.aiewai.com
2018-11-14 11:29:17,928 - __main__ - INFO - 提交成功 post = www.aiewai.com
2018-11-14 11:29:18,790 - __main__ - INFO - 提交成功 post = www.aiewai.com
2018-11-14 11:29:19,692 - __main__ - INFO - 提交成功 post = www.aiewai.com
2018-11-14 11:29:20,598 - __main__ - INFO - 提交成功 post = www.aietan.com
2018-11-14 11:29:21,864 - __main__ - INFO - 提交成功 post = www.aietan.com
2018-11-14 11:29:22,760 - __main__ - INFO - 提交成功 post = www.aietan.com
2018-11-14 11:29:23,591 - __main__ - INFO - 提交成功 post = www.aietan.com
2018-11-14 11:29:24,624 - __main__ - INFO - 提交成功 post = www.aietan.com
2018-11-14 11:29:25,551 - __main__ - INFO - 提交成功 post = www.aietan.com
2018-11-14 11:29:26,424 - __main__ - INFO - 提交成功 post = www.aietan.com
2018-11-14 11:29:27,259 - __main__ - INFO - 提交成功 post = www.aietan.com
2018-11-14 11:29:28,155 - __main__ - INFO - 提交成功 post = www.aietan.com
2018-11-14 11:29:28,996 - __main__ - INFO - 提交成功 post = www.aietan.com
2018-11-14 11:29:29,966 - __main__ - INFO - 提交成功 post = www.aietai.com
2018-11-14 11:29:30,879 - __main__ - INFO - 提交成功 post = www.aietai.com
2018-11-14 11:29:31,785 - __main__ - INFO - 提交成功 post = www.aietai.com
2018-11-14 11:29:32,691 - __main__ - INFO - 提交成功 post = www.aietai.com
2018-11-14 11:29:33,553 - __main__ - INFO - 提交成功 post = www.aietai.com
2018-11-14 11:29:34,421 - __main__ - INFO - 提交成功 post = www.aietai.com
2018-11-14 11:29:35,376 - __main__ - INFO - 提交成功 post = www.aietai.com
2018-11-14 11:29:36,220 - __main__ - INFO - 提交成功 post = www.aietai.com
2018-11-14 11:29:37,081 - __main__ - INFO - 提交成功 post = www.aietai.com
2018-11-14 11:29:37,986 - __main__ - INFO - 提交成功 post = www.aietai.com
2018-11-14 11:29:38,916 - __main__ - INFO - 提交成功 post = www.aieshe.com
2018-11-14 11:29:39,845 - __main__ - INFO - 提交成功 post = www.aieshe.com
2018-11-14 11:29:40,742 - __main__ - INFO - 提交成功 post = www.aieshe.com
2018-11-14 11:29:41,557 - __main__ - INFO - 提交成功 post = www.aieshe.com
2018-11-14 11:29:42,446 - __main__ - INFO - 提交成功 post = www.aieshe.com
2018-11-14 11:29:43,352 - __main__ - INFO - 提交成功 post = www.aieshe.com
2018-11-14 11:29:44,302 - __main__ - INFO - 提交成功 post = www.aieshe.com
2018-11-14 11:29:45,187 - __main__ - INFO - 提交成功 post = www.aieshe.com
2018-11-14 11:29:46,031 - __main__ - INFO - 提交成功 post = www.aieshe.com
2018-11-14 11:29:46,976 - __main__ - INFO - 提交成功 post = www.aieshe.com
2018-11-14 11:29:47,789 - __main__ - INFO - 提交成功 post = www.aiesen.com
2018-11-14 11:29:48,756 - __main__ - INFO - 提交成功 post = www.aiesen.com
2018-11-14 11:29:49,525 - __main__ - INFO - 提交成功 post = www.aiesen.com
2018-11-14 11:29:50,425 - __main__ - INFO - 提交成功 post = www.aiesen.com
2018-11-14 11:29:51,271 - __main__ - INFO - 提交成功 post = www.aiesen.com
2018-11-14 11:29:52,172 - __main__ - INFO - 提交成功 post = www.aiesen.com
2018-11-14 11:29:53,024 - __main__ - INFO - 提交成功 post = www.aiesen.com
2018-11-14 11:29:53,951 - __main__ - INFO - 提交成功 post = www.aiesen.com
2018-11-14 11:29:54,893 - __main__ - INFO - 提交成功 post = www.aiesen.com
2018-11-14 11:29:55,792 - __main__ - INFO - 提交成功 post = www.aiesen.com
2018-11-14 11:29:56,725 - __main__ - INFO - 提交成功 post = www.aiesao.com
2018-11-14 11:29:57,563 - __main__ - INFO - 提交成功 post = www.aiesao.com
2018-11-14 11:29:58,405 - __main__ - INFO - 提交成功 post = www.aiesao.com
2018-11-14 11:29:59,330 - __main__ - INFO - 提交成功 post = www.aiesao.com
2018-11-14 11:30:00,297 - __main__ - INFO - 提交成功 post = www.aiesao.com
2018-11-14 11:30:01,157 - __main__ - INFO - 提交成功 post = www.aiesao.com
2018-11-14 11:30:01,943 - __main__ - INFO - 提交成功 post = www.aiesao.com
2018-11-14 11:30:02,808 - __main__ - INFO - 提交成功 post = www.aiesao.com
2018-11-14 11:30:03,682 - __main__ - INFO - 提交成功 post = www.aiesao.com
2018-11-14 11:30:04,587 - __main__ - INFO - 提交成功 post = www.aiesao.com
2018-11-14 11:30:05,498 - __main__ - INFO - 提交成功 post = www.aiesai.com
2018-11-14 11:30:06,413 - __main__ - INFO - 提交成功 post = www.aiesai.com
2018-11-14 11:30:07,180 - __main__ - INFO - 提交成功 post = www.aiesai.com
2018-11-14 11:30:08,064 - __main__ - INFO - 提交成功 post = www.aiesai.com
2018-11-14 11:30:09,018 - __main__ - INFO - 提交成功 post = www.aiesai.com
2018-11-14 11:30:09,933 - __main__ - INFO - 提交成功 post = www.aiesai.com
2018-11-14 11:30:10,911 - __main__ - INFO - 提交成功 post = www.aiesai.com
2018-11-14 11:30:11,915 - __main__ - INFO - 提交成功 post = www.aiesai.com
2018-11-14 11:30:12,792 - __main__ - INFO - 提交成功 post = www.aiesai.com
2018-11-14 11:30:13,700 - __main__ - INFO - 提交成功 post = www.aiesai.com
2018-11-14 11:30:14,692 - __main__ - INFO - 提交成功 post = www.aieren.com
2018-11-14 11:30:15,594 - __main__ - INFO - 提交成功 post = www.aieren.com
2018-11-14 11:30:16,485 - __main__ - INFO - 提交成功 post = www.aieren.com
2018-11-14 11:30:17,415 - __main__ - INFO - 提交成功 post = www.aieren.com
2018-11-14 11:30:18,318 - __main__ - INFO - 提交成功 post = www.aieren.com
2018-11-14 11:30:19,240 - __main__ - INFO - 提交成功 post = www.aieren.com
2018-11-14 11:30:20,115 - __main__ - INFO - 提交成功 post = www.aieren.com
2018-11-14 11:30:21,169 - __main__ - INFO - 提交成功 post = www.aieren.com
2018-11-14 11:30:22,122 - __main__ - INFO - 提交成功 post = www.aieren.com
2018-11-14 11:30:22,977 - __main__ - INFO - 提交成功 post = www.aieren.com
2018-11-14 11:30:23,906 - __main__ - INFO - 提交成功 post = www.aieqin.com
2018-11-14 11:30:24,883 - __main__ - INFO - 提交成功 post = www.aieqin.com
2018-11-14 11:30:25,715 - __main__ - INFO - 提交成功 post = www.aieqin.com
2018-11-14 11:30:26,595 - __main__ - INFO - 提交成功 post = www.aieqin.com
2018-11-14 11:30:27,417 - __main__ - INFO - 提交成功 post = www.aieqin.com
2018-11-14 11:30:28,293 - __main__ - INFO - 提交成功 post = www.aieqin.com
2018-11-14 11:30:29,283 - __main__ - INFO - 提交成功 post = www.aieqin.com
